<?xml version="1.0" encoding="UTF-8"?>
<testng-results ignored="0" total="1" passed="1" failed="0" skipped="0">
  <reporter-output>
  </reporter-output>
  <suite started-at="2024-06-15T22:12:37 IST" name="Test Suite for Buildout" finished-at="2024-06-15T22:12:57 IST" duration-ms="20158">
    <groups>
    </groups>
    <test started-at="2024-06-15T22:12:37 IST" name="Test Cases for Buildout" finished-at="2024-06-15T22:12:57 IST" duration-ms="20158">
      <class name="demo.TestCases">
        <test-method is-config="true" signature="startBrowser()[pri:0, instance:demo.TestCases@5460cf3a]" started-at="2024-06-15T22:12:37 IST" name="startBrowser" finished-at="2024-06-15T22:12:40 IST" duration-ms="3873" status="PASS">
          <reporter-output>
          </reporter-output>
        </test-method> <!-- startBrowser -->
        <test-method signature="testCase01()[pri:0, instance:demo.TestCases@5460cf3a]" started-at="2024-06-15T22:12:40 IST" name="testCase01" finished-at="2024-06-15T22:12:56 IST" duration-ms="15419" status="PASS">
          <reporter-output>
          </reporter-output>
        </test-method> <!-- testCase01 -->
        <test-method is-config="true" signature="endTest()[pri:0, instance:demo.TestCases@5460cf3a]" started-at="2024-06-15T22:12:56 IST" name="endTest" finished-at="2024-06-15T22:12:57 IST" duration-ms="785" status="PASS">
          <reporter-output>
          </reporter-output>
        </test-method> <!-- endTest -->
      </class> <!-- demo.TestCases -->
    </test> <!-- Test Cases for Buildout -->
  </suite> <!-- Test Suite for Buildout -->
</testng-results>
